{"name": "test_login_empty_input", "status": "failed", "statusDetails": {"message": "AssertionError: element->('xpath', \"//*[contains(@resource-id,'tv_login')]\") can't be found in find_element_and_click", "trace": "self = <pages.register_page.RegisterPage object at 0x10978e0b0>, locator = ('xpath', \"//*[contains(@resource-id,'tv_login')]\"), timeout = 25, return_bool = False\n\n    @allure.step\n    def find_element_and_click(self, locator, timeout=25, return_bool=False):\n        \"\"\"\n        Purpose:\n            find element based on locator, make sure element is clickable, and click the element.\n        Args:\n            locator (e.g. AndroidLocators.DEFAULT_ANDROID_POPOVER_OK_BUTTON)\n            (optional) timeout (int): How much time to wait before exception; default is 10 seconds\n            (optional) return_bool (bool): Return bool instead of assertionError; default is False\n        Returns:\n            either bool or None depends on return_bool option\n        \"\"\"\n        # this decides whether to fail the test if the element can't be found\n        function_will_return_boolean = return_bool\n        el = None\n        try:\n>           el = WebDriverWait(self.driver, timeout).until(EC.presence_of_element_located(locator))\n\npages/base_pages.py:34: \n_ _ _ _ _ _ _ _ _ _ _ _ _ _ _ _ _ _ _ _ _ _ _ _ _ _ _ _ _ _ _ _ _ _ _ _ _ _ _ _ _ _ _ _ _ _ _ _ _ _ _ _ _ _ _ _ _ _ _ _ _ _ _ _ _ _ _ _ _ _ _ _ _ _ _ _ _ _ _ _ _ _ _ _ _ _ _ _ _ _ _ _ \n\nself = <selenium.webdriver.support.wait.WebDriverWait (session=\"56697ccdfd3c69d88bd7e43879359b5237dbebe4\")>\nmethod = <function presence_of_element_located.<locals>._predicate at 0x1096337f0>, message = ''\n\n    def until(self, method, message: str = \"\"):\n        \"\"\"Calls the method provided with the driver as an argument until the \\\n        return value does not evaluate to ``False``.\n    \n        :param method: callable(WebDriver)\n        :param message: optional message for :exc:`TimeoutException`\n        :returns: the result of the last call to `method`\n        :raises: :exc:`selenium.common.exceptions.TimeoutException` if timeout occurs\n        \"\"\"\n        screen = None\n        stacktrace = None\n    \n        end_time = time.monotonic() + self._timeout\n        while True:\n            try:\n                value = method(self._driver)\n                if value:\n                    return value\n            except self._ignored_exceptions as exc:\n                screen = getattr(exc, 'screen', None)\n                stacktrace = getattr(exc, 'stacktrace', None)\n            time.sleep(self._poll)\n            if time.monotonic() > end_time:\n                break\n>       raise TimeoutException(message, screen, stacktrace)\nE       selenium.common.exceptions.TimeoutException: Message: \nE       Stacktrace:\nE       NoSuchElementError: An element could not be located on the page using the given search parameters.\nE           at AndroidUiautomator2Driver.findElOrEls (/nix/store/a4f03fnyb1njsg95d11hrirds8hfjsc1-appium-1.17.0/node_modules/appium-uiautomator2-driver/node_modules/appium-android-driver/lib/commands/find.js:75:11)\n\n/Library/Frameworks/Python.framework/Versions/3.10/lib/python3.10/site-packages/selenium/webdriver/support/wait.py:90: TimeoutException\n\nDuring handling of the above exception, another exception occurred:\n\nself = <tests.test_login.TestLogin object at 0x109763160>, driver = <appium.webdriver.webdriver.WebDriver (session=\"56697ccdfd3c69d88bd7e43879359b5237dbebe4\")>\n\n    @pytest.mark.login_negative\n    def test_login_empty_input(self, driver):\n        # Initialization\n        self.init(driver)\n        print('first test....')\n    \n        # The User click on Login button\n>       self.register_page.click_login_button()\n\ntests/test_login.py:32: \n_ _ _ _ _ _ _ _ _ _ _ _ _ _ _ _ _ _ _ _ _ _ _ _ _ _ _ _ _ _ _ _ _ _ _ _ _ _ _ _ _ _ _ _ _ _ _ _ _ _ _ _ _ _ _ _ _ _ _ _ _ _ _ _ _ _ _ _ _ _ _ _ _ _ _ _ _ _ _ _ _ _ _ _ _ _ _ _ _ _ _ _ \npages/register_page.py:24: in click_login_button\n    self.find_element_and_click(RegisterPageLocators.LOGIN_BUTTON)\n_ _ _ _ _ _ _ _ _ _ _ _ _ _ _ _ _ _ _ _ _ _ _ _ _ _ _ _ _ _ _ _ _ _ _ _ _ _ _ _ _ _ _ _ _ _ _ _ _ _ _ _ _ _ _ _ _ _ _ _ _ _ _ _ _ _ _ _ _ _ _ _ _ _ _ _ _ _ _ _ _ _ _ _ _ _ _ _ _ _ _ _ \n\nself = <pages.register_page.RegisterPage object at 0x10978e0b0>, locator = ('xpath', \"//*[contains(@resource-id,'tv_login')]\"), timeout = 25, return_bool = False\n\n    @allure.step\n    def find_element_and_click(self, locator, timeout=25, return_bool=False):\n        \"\"\"\n        Purpose:\n            find element based on locator, make sure element is clickable, and click the element.\n        Args:\n            locator (e.g. AndroidLocators.DEFAULT_ANDROID_POPOVER_OK_BUTTON)\n            (optional) timeout (int): How much time to wait before exception; default is 10 seconds\n            (optional) return_bool (bool): Return bool instead of assertionError; default is False\n        Returns:\n            either bool or None depends on return_bool option\n        \"\"\"\n        # this decides whether to fail the test if the element can't be found\n        function_will_return_boolean = return_bool\n        el = None\n        try:\n            el = WebDriverWait(self.driver, timeout).until(EC.presence_of_element_located(locator))\n        except TimeoutException:\n            if function_will_return_boolean:\n                return False\n            else:\n>               assert el is not None, 'element->{0} can\\'t be found in find_element_and_click'.format(str(locator))\nE               AssertionError: element->('xpath', \"//*[contains(@resource-id,'tv_login')]\") can't be found in find_element_and_click\n\npages/base_pages.py:39: AssertionError"}, "steps": [{"name": "And user click login button", "status": "failed", "statusDetails": {"message": "AssertionError: element->('xpath', \"//*[contains(@resource-id,'tv_login')]\") can't be found in find_element_and_click\n", "trace": "  File \"/Library/Frameworks/Python.framework/Versions/3.10/lib/python3.10/site-packages/allure_commons/_allure.py\", line 180, in impl\n    return func(*a, **kw)\n  File \"/Users/yaroslav.petryk/Desktop/projects/browserstack_appium/pages/register_page.py\", line 24, in click_login_button\n    self.find_element_and_click(RegisterPageLocators.LOGIN_BUTTON)\n  File \"/Library/Frameworks/Python.framework/Versions/3.10/lib/python3.10/site-packages/allure_commons/_allure.py\", line 180, in impl\n    return func(*a, **kw)\n  File \"/Users/yaroslav.petryk/Desktop/projects/browserstack_appium/pages/base_pages.py\", line 39, in find_element_and_click\n    assert el is not None, 'element->{0} can\\'t be found in find_element_and_click'.format(str(locator))\n"}, "steps": [{"name": "find_element_and_click", "status": "failed", "statusDetails": {"message": "AssertionError: element->('xpath', \"//*[contains(@resource-id,'tv_login')]\") can't be found in find_element_and_click\n", "trace": "  File \"/Library/Frameworks/Python.framework/Versions/3.10/lib/python3.10/site-packages/allure_commons/_allure.py\", line 180, in impl\n    return func(*a, **kw)\n  File \"/Users/yaroslav.petryk/Desktop/projects/browserstack_appium/pages/base_pages.py\", line 39, in find_element_and_click\n    assert el is not None, 'element->{0} can\\'t be found in find_element_and_click'.format(str(locator))\n"}, "parameters": [{"name": "locator", "value": "('xpath', \"//*[contains(@resource-id,'tv_login')]\")"}, {"name": "timeout", "value": "25"}, {"name": "return_bool", "value": "False"}], "start": 1693148611872, "stop": 1693148636986}], "start": 1693148611871, "stop": 1693148636988}], "attachments": [{"name": "log", "source": "90c2b1e4-e69d-4eba-aa00-cd3985aac8ac-attachment.txt", "type": "text/plain"}, {"name": "stdout", "source": "3bf33acf-ad53-4545-b361-13c548031d1e-attachment.txt", "type": "text/plain"}], "start": 1693148611871, "stop": 1693148636989, "uuid": "2f122b07-66ad-4147-b25d-d2561f076fb6", "historyId": "05603206456e4809964169438552e439", "testCaseId": "f352a75c52f7b26ebfd83a491ec0fff9", "fullName": "tests.test_login.TestLogin#test_login_empty_input", "labels": [{"name": "tag", "value": "login_negative"}, {"name": "parentSuite", "value": "tests"}, {"name": "suite", "value": "test_login"}, {"name": "subSuite", "value": "TestLogin"}, {"name": "host", "value": "ypetryk-MacBook-Pro.local"}, {"name": "thread", "value": "5269-0"}, {"name": "framework", "value": "pytest"}, {"name": "language", "value": "cpython3"}, {"name": "package", "value": "tests.test_login"}]}